_site/android/app/build/intermediates/manifest_merge_blame_file/release/manifest-merger-blame-release-report.txt
1<?xml version="1.0" encoding="utf-8"?>
2<manifest xmlns:android="http://schemas.android.com/apk/res/android"
3    package="br.unicamp.ic.saude"
4    android:versionCode="10004"
5    android:versionName="1.0.4" >
6
7    <uses-sdk
8        android:minSdkVersion="22"
9        android:targetSdkVersion="34" />
10
11    <!-- Permissions -->
12
13    <uses-permission android:name="android.permission.INTERNET" />
13-->src\main\AndroidManifest.xml:39:5-67
13-->src\main\AndroidManifest.xml:39:22-64
14    <uses-permission android:name="android.permission.USE_CREDENTIALS" />
14-->[:codetrix-studio-capacitor-google-auth] AndroidManifest.xml:7:5-74
14-->[:codetrix-studio-capacitor-google-auth] AndroidManifest.xml:7:22-71
15
16    <permission
16-->[androidx.core:core:1.12.0] AndroidManifest.xml:22:5-24:47
17        android:name="br.unicamp.ic.saude.DYNAMIC_RECEIVER_NOT_EXPORTED_PERMISSION"
17-->[androidx.core:core:1.12.0] AndroidManifest.xml:23:9-81
18        android:protectionLevel="signature" />
18-->[androidx.core:core:1.12.0] AndroidManifest.xml:24:9-44
19
20    <uses-permission android:name="br.unicamp.ic.saude.DYNAMIC_RECEIVER_NOT_EXPORTED_PERMISSION" />
20-->[androidx.core:core:1.12.0] AndroidManifest.xml:26:5-97
20-->[androidx.core:core:1.12.0] AndroidManifest.xml:26:22-94
21
22    <application
22-->src\main\AndroidManifest.xml:3:5-35:19
23        android:allowBackup="true"
23-->src\main\AndroidManifest.xml:4:9-35
24        android:appComponentFactory="androidx.core.app.CoreComponentFactory"
24-->[androidx.core:core:1.12.0] AndroidManifest.xml:28:18-86
25        android:extractNativeLibs="true"
26        android:icon="@mipmap/ic_launcher"
26-->src\main\AndroidManifest.xml:5:9-43
27        android:label="@string/app_name"
27-->src\main\AndroidManifest.xml:6:9-41
28        android:roundIcon="@mipmap/ic_launcher_round"
28-->src\main\AndroidManifest.xml:7:9-54
29        android:supportsRtl="true"
29-->src\main\AndroidManifest.xml:8:9-35
30        android:theme="@style/AppTheme" >
30-->src\main\AndroidManifest.xml:9:9-40
31        <meta-data
31-->src\main\AndroidManifest.xml:10:9-13:11
32            android:name="com.google.android.gms.client_id"
32-->src\main\AndroidManifest.xml:11:13-60
33            android:value="843150656287-dv7a61ulrln5qfs5u3armp3vjaqk991n.apps.googleusercontent.com" />
33-->src\main\AndroidManifest.xml:12:13-101
34
35        <activity
35-->src\main\AndroidManifest.xml:15:9-26:20
36            android:name="br.unicamp.ic.saude.MainActivity"
36-->src\main\AndroidManifest.xml:17:13-41
37            android:configChanges="orientation|keyboardHidden|keyboard|screenSize|locale|smallestScreenSize|screenLayout|uiMode"
37-->src\main\AndroidManifest.xml:16:13-129
38            android:exported="true"
38-->src\main\AndroidManifest.xml:21:13-36
39            android:label="@string/title_activity_main"
39-->src\main\AndroidManifest.xml:18:13-56
40            android:launchMode="singleTask"
40-->src\main\AndroidManifest.xml:20:13-44
41            android:theme="@style/AppTheme.NoActionBarLaunch" >
41-->src\main\AndroidManifest.xml:19:13-62
42            <intent-filter>
42-->src\main\AndroidManifest.xml:22:13-25:29
43                <action android:name="android.intent.action.MAIN" />
43-->src\main\AndroidManifest.xml:23:17-69
43-->src\main\AndroidManifest.xml:23:25-66
44
45                <category android:name="android.intent.category.LAUNCHER" />
45-->src\main\AndroidManifest.xml:24:17-77
45-->src\main\AndroidManifest.xml:24:27-74
46            </intent-filter>
47        </activity>
48
49        <provider
50            android:name="androidx.core.content.FileProvider"
50-->src\main\AndroidManifest.xml:29:13-62
51            android:authorities="br.unicamp.ic.saude.fileprovider"
51-->src\main\AndroidManifest.xml:30:13-64
52            android:exported="false"
52-->src\main\AndroidManifest.xml:31:13-37
53            android:grantUriPermissions="true" >
53-->src\main\AndroidManifest.xml:32:13-47
54            <meta-data
54-->src\main\AndroidManifest.xml:33:13-112
55                android:name="android.support.FILE_PROVIDER_PATHS"
55-->src\main\AndroidManifest.xml:33:24-74
56                android:resource="@xml/file_paths" />
56-->src\main\AndroidManifest.xml:33:75-109
57        </provider>
58
59        <activity
59-->[com.google.android.gms:play-services-auth:18.1.0] AndroidManifest.xml:23:9-27:75
60            android:name="com.google.android.gms.auth.api.signin.internal.SignInHubActivity"
60-->[com.google.android.gms:play-services-auth:18.1.0] AndroidManifest.xml:24:13-93
61            android:excludeFromRecents="true"
61-->[com.google.android.gms:play-services-auth:18.1.0] AndroidManifest.xml:25:13-46
62            android:exported="false"
62-->[com.google.android.gms:play-services-auth:18.1.0] AndroidManifest.xml:26:13-37
63            android:theme="@android:style/Theme.Translucent.NoTitleBar" />
63-->[com.google.android.gms:play-services-auth:18.1.0] AndroidManifest.xml:27:13-72
64        <!--
65            Service handling Google Sign-In user revocation. For apps that do not integrate with
66            Google Sign-In, this service will never be started.
67        -->
68        <service
68-->[com.google.android.gms:play-services-auth:18.1.0] AndroidManifest.xml:33:9-37:51
69            android:name="com.google.android.gms.auth.api.signin.RevocationBoundService"
69-->[com.google.android.gms:play-services-auth:18.1.0] AndroidManifest.xml:34:13-89
70            android:exported="true"
70-->[com.google.android.gms:play-services-auth:18.1.0] AndroidManifest.xml:35:13-36
71            android:permission="com.google.android.gms.auth.api.signin.permission.REVOCATION_NOTIFICATION"
71-->[com.google.android.gms:play-services-auth:18.1.0] AndroidManifest.xml:36:13-107
72            android:visibleToInstantApps="true" />
72-->[com.google.android.gms:play-services-auth:18.1.0] AndroidManifest.xml:37:13-48
73
74        <activity
74-->[com.google.android.gms:play-services-base:17.1.0] AndroidManifest.xml:23:9-26:75
75            android:name="com.google.android.gms.common.api.GoogleApiActivity"
75-->[com.google.android.gms:play-services-base:17.1.0] AndroidManifest.xml:24:13-79
76            android:exported="false"
76-->[com.google.android.gms:play-services-base:17.1.0] AndroidManifest.xml:25:13-37
77            android:theme="@android:style/Theme.Translucent.NoTitleBar" />
77-->[com.google.android.gms:play-services-base:17.1.0] AndroidManifest.xml:26:13-72
78
79        <meta-data
79-->[com.google.android.gms:play-services-basement:17.1.1] AndroidManifest.xml:23:9-25:69
80            android:name="com.google.android.gms.version"
80-->[com.google.android.gms:play-services-basement:17.1.1] AndroidManifest.xml:24:13-58
81            android:value="@integer/google_play_services_version" />
81-->[com.google.android.gms:play-services-basement:17.1.1] AndroidManifest.xml:25:13-66
82
83        <provider
83-->[androidx.emoji2:emoji2:1.2.0] AndroidManifest.xml:24:9-32:20
84            android:name="androidx.startup.InitializationProvider"
84-->[androidx.emoji2:emoji2:1.2.0] AndroidManifest.xml:25:13-67
85            android:authorities="br.unicamp.ic.saude.androidx-startup"
85-->[androidx.emoji2:emoji2:1.2.0] AndroidManifest.xml:26:13-68
86            android:exported="false" >
86-->[androidx.emoji2:emoji2:1.2.0] AndroidManifest.xml:27:13-37
87            <meta-data
87-->[androidx.emoji2:emoji2:1.2.0] AndroidManifest.xml:29:13-31:52
88                android:name="androidx.emoji2.text.EmojiCompatInitializer"
88-->[androidx.emoji2:emoji2:1.2.0] AndroidManifest.xml:30:17-75
89                android:value="androidx.startup" />
89-->[androidx.emoji2:emoji2:1.2.0] AndroidManifest.xml:31:17-49
90            <meta-data
90-->[androidx.lifecycle:lifecycle-process:2.6.1] AndroidManifest.xml:29:13-31:52
91                android:name="androidx.lifecycle.ProcessLifecycleInitializer"
91-->[androidx.lifecycle:lifecycle-process:2.6.1] AndroidManifest.xml:30:17-78
92                android:value="androidx.startup" />
92-->[androidx.lifecycle:lifecycle-process:2.6.1] AndroidManifest.xml:31:17-49
93            <meta-data
93-->[androidx.profileinstaller:profileinstaller:1.3.0] AndroidManifest.xml:29:13-31:52
94                android:name="androidx.profileinstaller.ProfileInstallerInitializer"
94-->[androidx.profileinstaller:profileinstaller:1.3.0] AndroidManifest.xml:30:17-85
95                android:value="androidx.startup" />
95-->[androidx.profileinstaller:profileinstaller:1.3.0] AndroidManifest.xml:31:17-49
96        </provider>
97
98        <receiver
98-->[androidx.profileinstaller:profileinstaller:1.3.0] AndroidManifest.xml:34:9-52:20
99            android:name="androidx.profileinstaller.ProfileInstallReceiver"
99-->[androidx.profileinstaller:profileinstaller:1.3.0] AndroidManifest.xml:35:13-76
100            android:directBootAware="false"
100-->[androidx.profileinstaller:profileinstaller:1.3.0] AndroidManifest.xml:36:13-44
101            android:enabled="true"
101-->[androidx.profileinstaller:profileinstaller:1.3.0] AndroidManifest.xml:37:13-35
102            android:exported="true"
102-->[androidx.profileinstaller:profileinstaller:1.3.0] AndroidManifest.xml:38:13-36
103            android:permission="android.permission.DUMP" >
103-->[androidx.profileinstaller:profileinstaller:1.3.0] AndroidManifest.xml:39:13-57
104            <intent-filter>
104-->[androidx.profileinstaller:profileinstaller:1.3.0] AndroidManifest.xml:40:13-42:29
105                <action android:name="androidx.profileinstaller.action.INSTALL_PROFILE" />
105-->[androidx.profileinstaller:profileinstaller:1.3.0] AndroidManifest.xml:41:17-91
105-->[androidx.profileinstaller:profileinstaller:1.3.0] AndroidManifest.xml:41:25-88
106            </intent-filter>
107            <intent-filter>
107-->[androidx.profileinstaller:profileinstaller:1.3.0] AndroidManifest.xml:43:13-45:29
108                <action android:name="androidx.profileinstaller.action.SKIP_FILE" />
108-->[androidx.profileinstaller:profileinstaller:1.3.0] AndroidManifest.xml:44:17-85
108-->[androidx.profileinstaller:profileinstaller:1.3.0] AndroidManifest.xml:44:25-82
109            </intent-filter>
110            <intent-filter>
110-->[androidx.profileinstaller:profileinstaller:1.3.0] AndroidManifest.xml:46:13-48:29
111                <action android:name="androidx.profileinstaller.action.SAVE_PROFILE" />
111-->[androidx.profileinstaller:profileinstaller:1.3.0] AndroidManifest.xml:47:17-88
111-->[androidx.profileinstaller:profileinstaller:1.3.0] AndroidManifest.xml:47:25-85
112            </intent-filter>
113            <intent-filter>
113-->[androidx.profileinstaller:profileinstaller:1.3.0] AndroidManifest.xml:49:13-51:29
114                <action android:name="androidx.profileinstaller.action.BENCHMARK_OPERATION" />
114-->[androidx.profileinstaller:profileinstaller:1.3.0] AndroidManifest.xml:50:17-95
114-->[androidx.profileinstaller:profileinstaller:1.3.0] AndroidManifest.xml:50:25-92
115            </intent-filter>
116        </receiver>
117    </application>
118
119</manifest>